Info  2021-12-07 09:25:01  SteDept開始
Info  2021-12-07 09:25:01  Dept 資料開始解析
Info  2021-12-07 09:25:01  Dept 資料解析結束
Info  2021-12-07 09:25:01  SteDept結束：Dept 資料成功寫入
Info  2021-12-07 09:25:06  SteEmpl開始
Info  2021-12-07 09:25:06  Empl 資料開始解析
Info  2021-12-07 09:25:06  Empl 資料解析結束
Info  2021-12-07 09:25:06  SteEmpl結束：Empl 資料成功寫入
Info  2021-12-07 09:25:06  SteEmplMapping開始
Info  2021-12-07 09:25:06  EmplMap 資料開始解析
Info  2021-12-07 09:25:06  EmplMap 資料解析結束
Info  2021-12-07 09:25:06  SteEmplMapping結束：EmplMap 資料成功寫入
Info  2021-12-07 09:26:17  SteDept開始
Info  2021-12-07 09:26:17  Dept 資料開始解析
Info  2021-12-07 09:26:17  Dept 資料解析結束
Info  2021-12-07 09:26:17  SteDept結束：Dept 資料成功寫入
Info  2021-12-07 09:26:22  SteEmpl開始
Info  2021-12-07 09:26:22  Empl 資料開始解析
Info  2021-12-07 09:26:22  Empl 資料解析結束
Info  2021-12-07 09:26:22  SteEmpl結束：Empl 資料成功寫入
Info  2021-12-07 09:26:22  SteEmplMapping開始
Info  2021-12-07 09:26:22  EmplMap 資料開始解析
Info  2021-12-07 09:26:22  EmplMap 資料解析結束
Info  2021-12-07 09:26:22  SteEmplMapping結束：EmplMap 資料成功寫入
