[2022-07-13 14:49:52.3128] [INFO] 程式開始執行
[2022-07-13 14:49:52.3929] [INFO] 程式開始執行
[2022-07-13 14:50:02.5519] [INFO] 程式開始執行
[2022-07-13 14:50:02.6355] [INFO] 程式開始執行
[2022-07-13 14:50:34.1078] [INFO] 開始新增資料至 DEPT
[2022-07-13 14:51:32.3107] [INFO] 程式開始執行
[2022-07-13 14:51:32.3430] [INFO] 程式開始執行
[2022-07-13 14:51:33.7246] [INFO] 開始新增資料至 DEPT
[2022-07-13 14:55:10.6638] [INFO] 程式開始執行
[2022-07-13 14:55:10.7855] [INFO] 程式開始執行
[2022-07-13 14:55:13.0525] [INFO] 開始新增資料至 DEPT
[2022-07-13 14:56:01.0517] [INFO] 結束新增資料至 DEPT
[2022-07-13 14:56:04.0038] [INFO] 開始新增資料至 EMPL
[2022-07-13 14:56:26.1219] [INFO] 結束新增資料至 EMPL
[2022-07-13 14:56:26.1219] [INFO] 開始新增資料至 EMPL_MAPPING
[2022-07-13 14:56:40.2099] [INFO] 結束新增資料至 EMPL_MAPPING
[2022-07-13 14:56:58.8777] [INFO] 程式開始執行
[2022-07-13 14:56:58.9778] [INFO] 程式開始執行
[2022-07-13 14:56:58.9778] [INFO] 開始新增資料至 DEPT
[2022-07-13 14:56:58.9778] [INFO] 結束新增資料至 DEPT
[2022-07-13 14:56:58.9778] [INFO] 開始新增資料至 EMPL
[2022-07-13 14:56:58.9778] [INFO] 結束新增資料至 EMPL
[2022-07-13 14:56:58.9778] [INFO] 開始新增資料至 EMPL_MAPPING
[2022-07-13 14:56:58.9778] [INFO] 結束新增資料至 EMPL_MAPPING
