[2022-07-21 14:27:40.9456] [INFO] 程式開始執行
[2022-07-21 14:27:40.9765] [INFO] 程式開始執行
[2022-07-21 14:27:41.2936] [INFO] 開始新增資料至 DEPT
[2022-07-21 14:27:41.2936] [INFO] 結束新增資料至 DEPT
[2022-07-21 14:27:41.2936] [INFO] 開始新增資料至 EMPL
[2022-07-21 14:30:09.8376] [INFO] 結束新增資料至 EMPL
[2022-07-21 14:30:09.8376] [INFO] 開始新增資料至 EMPL_MAPPING
[2022-07-21 14:30:09.8376] [INFO] 結束新增資料至 EMPL_MAPPING
[2022-07-21 15:35:48.7122] [INFO] 程式開始執行
[2022-07-21 15:35:48.7481] [INFO] 程式開始執行
[2022-07-21 15:35:48.7491] [INFO] 開始新增資料至 DEPT
[2022-07-21 15:35:48.7491] [INFO] 結束新增資料至 DEPT
[2022-07-21 15:35:48.7491] [INFO] 開始新增資料至 EMPL
[2022-07-21 15:38:54.0684] [INFO] 結束新增資料至 EMPL
[2022-07-21 15:38:54.0684] [INFO] 開始新增資料至 EMPL_MAPPING
[2022-07-21 15:38:54.0684] [INFO] 結束新增資料至 EMPL_MAPPING
[2022-07-21 16:27:29.2006] [INFO] 程式開始執行
[2022-07-21 16:27:29.2685] [INFO] 程式開始執行
[2022-07-21 16:27:29.2685] [INFO] 開始新增資料至 DEPT
[2022-07-21 16:27:29.2685] [INFO] 結束新增資料至 DEPT
[2022-07-21 16:27:29.2685] [INFO] 開始新增資料至 EMPL
[2022-07-21 16:28:18.3709] [INFO] 程式開始執行
[2022-07-21 16:28:18.4217] [INFO] 程式開始執行
[2022-07-21 16:28:18.4217] [INFO] 開始新增資料至 DEPT
[2022-07-21 16:28:18.4217] [INFO] 結束新增資料至 DEPT
[2022-07-21 16:28:18.4217] [INFO] 開始新增資料至 EMPL
[2022-07-21 16:30:59.1116] [INFO] 程式開始執行
[2022-07-21 16:30:59.1824] [INFO] 程式開始執行
[2022-07-21 16:30:59.1864] [INFO] 開始新增資料至 DEPT
[2022-07-21 16:30:59.1864] [INFO] 結束新增資料至 DEPT
[2022-07-21 16:30:59.1864] [INFO] 開始新增資料至 EMPL
[2022-07-21 16:43:00.1608] [INFO] 程式開始執行
[2022-07-21 16:43:00.1897] [INFO] 程式開始執行
[2022-07-21 16:43:00.1897] [INFO] 開始新增資料至 DEPT
[2022-07-21 16:43:00.1897] [INFO] 結束新增資料至 DEPT
[2022-07-21 16:43:00.1897] [INFO] 開始新增資料至 EMPL
[2022-07-21 16:45:24.0239] [INFO] 結束新增資料至 EMPL
[2022-07-21 16:45:29.1523] [INFO] 開始新增資料至 EMPL_MAPPING
[2022-07-21 16:45:29.1523] [INFO] 結束新增資料至 EMPL_MAPPING
[2022-07-21 17:36:32.0703] [INFO] 程式開始執行
[2022-07-21 17:36:32.1331] [INFO] 程式開始執行
[2022-07-21 17:36:32.1331] [INFO] 開始新增資料至 DEPT
[2022-07-21 17:37:12.8558] [INFO] 程式開始執行
[2022-07-21 17:37:12.9256] [INFO] 程式開始執行
[2022-07-21 17:37:12.9256] [INFO] 開始新增資料至 DEPT
[2022-07-21 17:39:04.3553] [INFO] 程式開始執行
[2022-07-21 17:39:04.4192] [INFO] 程式開始執行
[2022-07-21 17:39:04.4232] [INFO] 開始新增資料至 DEPT
[2022-07-21 17:39:20.6501] [INFO] 程式開始執行
[2022-07-21 17:39:20.7169] [INFO] 程式開始執行
[2022-07-21 17:39:20.7209] [INFO] 開始新增資料至 DEPT
[2022-07-21 17:39:21.2475] [INFO] 結束新增資料至 DEPT
[2022-07-21 17:39:21.2475] [INFO] 開始新增資料至 EMPL
[2022-07-21 17:39:27.7070] [INFO] 結束新增資料至 EMPL
[2022-07-21 17:39:27.7070] [INFO] 開始新增資料至 EMPL_MAPPING
[2022-07-21 17:39:29.7847] [INFO] 結束新增資料至 EMPL_MAPPING
