Info  2021-12-15 10:43:16  程式開始執行
Info  2021-12-15 10:43:40  程式開始執行
Info  2021-12-15 10:43:41  開始新增資料至 DEPT
Error  2021-12-15 10:53:58  新增至 DEPT 資料庫時發生錯誤:索引在陣列的界限之外。
Info  2021-12-15 10:53:58  開始新增資料至 EMPL
Info  2021-12-15 10:54:11  程式開始執行
Info  2021-12-15 10:54:11  開始新增資料至 DEPT
Info  2021-12-15 10:58:27  程式開始執行
Info  2021-12-15 10:58:27  開始新增資料至 DEPT
Info  2021-12-15 11:01:42  程式開始執行
Info  2021-12-15 11:01:42  開始新增資料至 DEPT
Info  2021-12-15 11:01:42  結束新增資料至 DEPT
Info  2021-12-15 11:01:42  開始新增資料至 EMPL
Info  2021-12-15 11:01:55  結束新增資料至 EMPL
Info  2021-12-15 11:01:55  開始新增資料至 EMPL_MAPPING
Info  2021-12-15 11:01:55  結束新增資料至 EMPL_MAPPING
Info  2021-12-15 11:02:25  程式開始執行
Info  2021-12-15 11:02:25  開始新增資料至 DEPT
Info  2021-12-15 11:02:25  結束新增資料至 DEPT
Info  2021-12-15 11:02:25  開始新增資料至 EMPL
Info  2021-12-15 11:02:25  結束新增資料至 EMPL
Info  2021-12-15 11:02:25  開始新增資料至 EMPL_MAPPING
Info  2021-12-15 11:02:25  結束新增資料至 EMPL_MAPPING
